c:\users\jerem\downloads\iceman-skeleton-windows\iceman-skeleton-windows\iceman\iceman\debug\vc141.pdb
c:\users\jerem\downloads\iceman-skeleton-windows\iceman-skeleton-windows\iceman\iceman\debug\vc141.idb
c:\users\jerem\downloads\iceman-skeleton-windows\iceman-skeleton-windows\iceman\iceman\debug\main.obj
c:\users\jerem\downloads\iceman-skeleton-windows\iceman-skeleton-windows\iceman\iceman\debug\gameworld.obj
c:\users\jerem\downloads\iceman-skeleton-windows\iceman-skeleton-windows\iceman\iceman\debug\gamecontroller.obj
c:\users\jerem\downloads\iceman-skeleton-windows\iceman-skeleton-windows\iceman\iceman\debug\studentworld.obj
c:\users\jerem\downloads\iceman-skeleton-windows\iceman-skeleton-windows\iceman\iceman\debug\actor.obj
c:\users\jerem\downloads\iceman-skeleton-windows\iceman-skeleton-windows\iceman\debug\iceman.pdb
c:\users\jerem\downloads\iceman-skeleton-windows\iceman-skeleton-windows\iceman\iceman\debug\iceman.tlog\cl.command.1.tlog
c:\users\jerem\downloads\iceman-skeleton-windows\iceman-skeleton-windows\iceman\iceman\debug\iceman.tlog\cl.read.1.tlog
c:\users\jerem\downloads\iceman-skeleton-windows\iceman-skeleton-windows\iceman\iceman\debug\iceman.tlog\cl.write.1.tlog
c:\users\jerem\downloads\iceman-skeleton-windows\iceman-skeleton-windows\iceman\iceman\debug\iceman.tlog\link-cvtres.read.1.tlog
c:\users\jerem\downloads\iceman-skeleton-windows\iceman-skeleton-windows\iceman\iceman\debug\iceman.tlog\link-cvtres.write.1.tlog
c:\users\jerem\downloads\iceman-skeleton-windows\iceman-skeleton-windows\iceman\iceman\debug\iceman.tlog\link-rc.read.1.tlog
c:\users\jerem\downloads\iceman-skeleton-windows\iceman-skeleton-windows\iceman\iceman\debug\iceman.tlog\link-rc.write.1.tlog
c:\users\jerem\downloads\iceman-skeleton-windows\iceman-skeleton-windows\iceman\iceman\debug\iceman.tlog\link.18500-cvtres.read.1.tlog
c:\users\jerem\downloads\iceman-skeleton-windows\iceman-skeleton-windows\iceman\iceman\debug\iceman.tlog\link.18500-cvtres.write.1.tlog
c:\users\jerem\downloads\iceman-skeleton-windows\iceman-skeleton-windows\iceman\iceman\debug\iceman.tlog\link.18500-rc.read.1.tlog
c:\users\jerem\downloads\iceman-skeleton-windows\iceman-skeleton-windows\iceman\iceman\debug\iceman.tlog\link.18500-rc.write.1.tlog
c:\users\jerem\downloads\iceman-skeleton-windows\iceman-skeleton-windows\iceman\iceman\debug\iceman.tlog\link.18500.read.1.tlog
c:\users\jerem\downloads\iceman-skeleton-windows\iceman-skeleton-windows\iceman\iceman\debug\iceman.tlog\link.18500.write.1.tlog
c:\users\jerem\downloads\iceman-skeleton-windows\iceman-skeleton-windows\iceman\iceman\debug\iceman.tlog\link.command.1.tlog
c:\users\jerem\downloads\iceman-skeleton-windows\iceman-skeleton-windows\iceman\iceman\debug\iceman.tlog\link.read.1.tlog
c:\users\jerem\downloads\iceman-skeleton-windows\iceman-skeleton-windows\iceman\iceman\debug\iceman.tlog\link.write.1.tlog
